
  .   ____          _            __ _ _
 /\\ / ___'_ __ _ _(_)_ __  __ _ \ \ \ \
( ( )\___ | '_ | '_| | '_ \/ _` | \ \ \ \
 \\/  ___)| |_)| | | | | || (_| |  ) ) ) )
  '  |____| .__|_| |_|_| |_\__, | / / / /
 =========|_|==============|___/=/_/_/_/
 :: Spring Boot ::                (v3.2.0)

2026-01-18T15:38:03.696+01:00  INFO 20396 --- [gateway] [           main] c.c.gateway.GatewayApplication           : Starting GatewayApplication v0.0.1-SNAPSHOT using Java 21.0.5 with PID 20396 (D:\MIAGE\Glop\CiblOrgaSport_Back\gateway\target\gateway-0.0.1-SNAPSHOT.jar started by MASSIVE in D:\MIAGE\Glop\CiblOrgaSport_Back\gateway)
2026-01-18T15:38:03.698+01:00  INFO 20396 --- [gateway] [           main] c.c.gateway.GatewayApplication           : No active profile set, falling back to 1 default profile: "default"
2026-01-18T15:38:06.572+01:00  INFO 20396 --- [gateway] [           main] o.s.cloud.context.scope.GenericScope     : BeanFactory id=96872dca-a9ad-3846-afa3-805070973880
2026-01-18T15:38:07.272+01:00  INFO 20396 --- [gateway] [           main] ctiveUserDetailsServiceAutoConfiguration : 

Using generated security password: 88fb87d9-f537-47f0-a0db-02d75ec19fc7

2026-01-18T15:38:08.900+01:00  INFO 20396 --- [gateway] [           main] o.s.c.g.r.RouteDefinitionRouteLocator    : Loaded RoutePredicateFactory [After]
2026-01-18T15:38:08.910+01:00  INFO 20396 --- [gateway] [           main] o.s.c.g.r.RouteDefinitionRouteLocator    : Loaded RoutePredicateFactory [Before]
2026-01-18T15:38:08.910+01:00  INFO 20396 --- [gateway] [           main] o.s.c.g.r.RouteDefinitionRouteLocator    : Loaded RoutePredicateFactory [Between]
2026-01-18T15:38:08.910+01:00  INFO 20396 --- [gateway] [           main] o.s.c.g.r.RouteDefinitionRouteLocator    : Loaded RoutePredicateFactory [Cookie]
2026-01-18T15:38:08.910+01:00  INFO 20396 --- [gateway] [           main] o.s.c.g.r.RouteDefinitionRouteLocator    : Loaded RoutePredicateFactory [Header]
2026-01-18T15:38:08.910+01:00  INFO 20396 --- [gateway] [           main] o.s.c.g.r.RouteDefinitionRouteLocator    : Loaded RoutePredicateFactory [Host]
2026-01-18T15:38:08.910+01:00  INFO 20396 --- [gateway] [           main] o.s.c.g.r.RouteDefinitionRouteLocator    : Loaded RoutePredicateFactory [Method]
2026-01-18T15:38:08.910+01:00  INFO 20396 --- [gateway] [           main] o.s.c.g.r.RouteDefinitionRouteLocator    : Loaded RoutePredicateFactory [Path]
2026-01-18T15:38:08.910+01:00  INFO 20396 --- [gateway] [           main] o.s.c.g.r.RouteDefinitionRouteLocator    : Loaded RoutePredicateFactory [Query]
2026-01-18T15:38:08.910+01:00  INFO 20396 --- [gateway] [           main] o.s.c.g.r.RouteDefinitionRouteLocator    : Loaded RoutePredicateFactory [ReadBody]
2026-01-18T15:38:08.910+01:00  INFO 20396 --- [gateway] [           main] o.s.c.g.r.RouteDefinitionRouteLocator    : Loaded RoutePredicateFactory [RemoteAddr]
2026-01-18T15:38:08.910+01:00  INFO 20396 --- [gateway] [           main] o.s.c.g.r.RouteDefinitionRouteLocator    : Loaded RoutePredicateFactory [XForwardedRemoteAddr]
2026-01-18T15:38:08.910+01:00  INFO 20396 --- [gateway] [           main] o.s.c.g.r.RouteDefinitionRouteLocator    : Loaded RoutePredicateFactory [Weight]
2026-01-18T15:38:08.916+01:00  INFO 20396 --- [gateway] [           main] o.s.c.g.r.RouteDefinitionRouteLocator    : Loaded RoutePredicateFactory [CloudFoundryRouteService]
2026-01-18T15:38:09.427+01:00  INFO 20396 --- [gateway] [           main] o.s.b.a.e.web.EndpointLinksResolver      : Exposing 1 endpoint(s) beneath base path '/actuator'
2026-01-18T15:38:10.225+01:00  INFO 20396 --- [gateway] [           main] o.s.b.web.embedded.netty.NettyWebServer  : Netty started on port 8080
2026-01-18T15:38:10.344+01:00  INFO 20396 --- [gateway] [           main] c.c.gateway.GatewayApplication           : Started GatewayApplication in 7.525 seconds (process running for 8.744)
