
  .   ____          _            __ _ _
 /\\ / ___'_ __ _ _(_)_ __  __ _ \ \ \ \
( ( )\___ | '_ | '_| | '_ \/ _` | \ \ \ \
 \\/  ___)| |_)| | | | | || (_| |  ) ) ) )
  '  |____| .__|_| |_|_| |_\__, | / / / /
 =========|_|==============|___/=/_/_/_/

 :: Spring Boot ::                (v3.3.4)

2026-01-31T11:43:11.474+01:00  INFO 486443 --- [incident-service] [           main] c.c.i.IncidentServiceApplication         : Starting IncidentServiceApplication v0.0.1-SNAPSHOT using Java 17.0.17 with PID 486443 (/home/ait-yahia/Bureau/glop/CiblOrgaSport_Back/incident-service/target/incident-service-0.0.1-SNAPSHOT.jar started by ait-yahia in /home/ait-yahia/Bureau/glop/CiblOrgaSport_Back/incident-service)
2026-01-31T11:43:11.485+01:00 DEBUG 486443 --- [incident-service] [           main] c.c.i.IncidentServiceApplication         : Running with Spring Boot v3.3.4, Spring v6.1.13
2026-01-31T11:43:11.488+01:00  INFO 486443 --- [incident-service] [           main] c.c.i.IncidentServiceApplication         : No active profile set, falling back to 1 default profile: "default"
2026-01-31T11:43:17.645+01:00  INFO 486443 --- [incident-service] [           main] .s.d.r.c.RepositoryConfigurationDelegate : Bootstrapping Spring Data JPA repositories in DEFAULT mode.
2026-01-31T11:43:18.505+01:00  INFO 486443 --- [incident-service] [           main] .s.d.r.c.RepositoryConfigurationDelegate : Finished Spring Data repository scanning in 829 ms. Found 1 JPA repository interface.
2026-01-31T11:43:28.549+01:00  INFO 486443 --- [incident-service] [           main] o.s.b.w.embedded.tomcat.TomcatWebServer  : Tomcat initialized with port 8086 (http)
2026-01-31T11:43:28.583+01:00  INFO 486443 --- [incident-service] [           main] o.apache.catalina.core.StandardService   : Starting service [Tomcat]
2026-01-31T11:43:28.583+01:00  INFO 486443 --- [incident-service] [           main] o.apache.catalina.core.StandardEngine    : Starting Servlet engine: [Apache Tomcat/10.1.30]
2026-01-31T11:43:28.897+01:00  INFO 486443 --- [incident-service] [           main] o.a.c.c.C.[Tomcat].[localhost].[/]       : Initializing Spring embedded WebApplicationContext
2026-01-31T11:43:28.922+01:00  INFO 486443 --- [incident-service] [           main] w.s.c.ServletWebServerApplicationContext : Root WebApplicationContext: initialization completed in 17255 ms
2026-01-31T11:43:29.792+01:00 DEBUG 486443 --- [incident-service] [           main] c.c.i.security.AuthTokenFilter           : Filter 'authenticationJwtTokenFilter' configured for use
2026-01-31T11:43:30.126+01:00  INFO 486443 --- [incident-service] [           main] o.hibernate.jpa.internal.util.LogHelper  : HHH000204: Processing PersistenceUnitInfo [name: default]
2026-01-31T11:43:30.445+01:00  INFO 486443 --- [incident-service] [           main] org.hibernate.Version                    : HHH000412: Hibernate ORM core version 6.5.3.Final
2026-01-31T11:43:30.691+01:00  INFO 486443 --- [incident-service] [           main] o.h.c.internal.RegionFactoryInitiator    : HHH000026: Second-level cache disabled
2026-01-31T11:43:32.912+01:00  INFO 486443 --- [incident-service] [           main] o.s.o.j.p.SpringPersistenceUnitInfo      : No LoadTimeWeaver setup: ignoring JPA class transformer
2026-01-31T11:43:32.991+01:00  INFO 486443 --- [incident-service] [           main] com.zaxxer.hikari.HikariDataSource       : HikariPool-1 - Starting...
2026-01-31T11:43:37.813+01:00  INFO 486443 --- [incident-service] [           main] com.zaxxer.hikari.pool.HikariPool        : HikariPool-1 - Added connection org.postgresql.jdbc.PgConnection@1d2def55
2026-01-31T11:43:37.827+01:00  INFO 486443 --- [incident-service] [           main] com.zaxxer.hikari.HikariDataSource       : HikariPool-1 - Start completed.
2026-01-31T11:43:38.393+01:00  WARN 486443 --- [incident-service] [           main] org.hibernate.orm.deprecation            : HHH90000025: PostgreSQLDialect does not need to be specified explicitly using 'hibernate.dialect' (remove the property setting and it will be selected by default)
2026-01-31T11:43:44.542+01:00  INFO 486443 --- [incident-service] [           main] o.h.e.t.j.p.i.JtaPlatformInitiator       : HHH000489: No JTA platform available (set 'hibernate.transaction.jta.platform' to enable JTA platform integration)
Hibernate: 
    alter table if exists incident_model 
       alter column description set data type TEXT
2026-01-31T11:43:45.067+01:00  INFO 486443 --- [incident-service] [           main] j.LocalContainerEntityManagerFactoryBean : Initialized JPA EntityManagerFactory for persistence unit 'default'
2026-01-31T11:43:46.551+01:00  INFO 486443 --- [incident-service] [           main] o.s.d.j.r.query.QueryEnhancerFactory     : Hibernate is in classpath; If applicable, HQL parser will be used.
2026-01-31T11:43:49.201+01:00  WARN 486443 --- [incident-service] [           main] JpaBaseConfiguration$JpaWebConfiguration : spring.jpa.open-in-view is enabled by default. Therefore, database queries may be performed during view rendering. Explicitly configure spring.jpa.open-in-view to disable this warning
2026-01-31T11:43:49.355+01:00  INFO 486443 --- [incident-service] [           main] r$InitializeUserDetailsManagerConfigurer : Global AuthenticationManager configured with UserDetailsService bean with name userDetailsServiceImpl
2026-01-31T11:43:51.336+01:00  INFO 486443 --- [incident-service] [           main] o.s.b.w.embedded.tomcat.TomcatWebServer  : Tomcat started on port 8086 (http) with context path '/'
2026-01-31T11:43:51.434+01:00  INFO 486443 --- [incident-service] [           main] c.c.i.IncidentServiceApplication         : Started IncidentServiceApplication in 44.562 seconds (process running for 50.316)
